c:\users\usuario\source\repos\bresogui\x64\debug\bresogui.pch
c:\users\usuario\source\repos\bresogui\x64\debug\vc142.pdb
c:\users\usuario\source\repos\bresogui\x64\debug\vc142.idb
c:\users\usuario\source\repos\bresogui\x64\debug\pch.obj
c:\users\usuario\source\repos\bresogui\x64\debug\dllmain.obj
c:\users\usuario\documents\github\bresogui-dll\x64\debug\bresogui.pch
c:\users\usuario\documents\github\bresogui-dll\x64\debug\vc142.pdb
c:\users\usuario\documents\github\bresogui-dll\x64\debug\vc142.idb
c:\users\usuario\documents\github\bresogui-dll\x64\debug\pch.obj
c:\users\usuario\documents\github\bresogui-dll\x64\debug\dllmain.obj
c:\users\usuario\source\repos\bresogui\x64\debug\bresogui.ilk
c:\users\usuario\source\repos\bresogui\x64\debug\bresogui.dll
c:\users\usuario\source\repos\bresogui\x64\debug\bresogui.pdb
c:\users\usuario\documents\github\bresogui-dll\x64\debug\bresogui.ilk
c:\users\usuario\documents\github\bresogui-dll\x64\debug\bresogui.pdb
c:\users\usuario\documents\github\bresogui-dll\x64\debug\bresogui.tlog\cl.command.1.tlog
c:\users\usuario\documents\github\bresogui-dll\x64\debug\bresogui.tlog\cl.read.1.tlog
c:\users\usuario\documents\github\bresogui-dll\x64\debug\bresogui.tlog\cl.write.1.tlog
c:\users\usuario\documents\github\bresogui-dll\x64\debug\bresogui.tlog\link.command.1.tlog
c:\users\usuario\documents\github\bresogui-dll\x64\debug\bresogui.tlog\link.read.1.tlog
c:\users\usuario\documents\github\bresogui-dll\x64\debug\bresogui.tlog\link.write.1.tlog
